<?xml version="1.0" encoding="UTF-8"?>
<!-- Generated by org.testng.reporters.JUnitXMLReporter -->
<testsuite ignored="0" hostname="DESKTOP-OEMN2F6" failures="0" tests="5" name="Default test" time="13.129" errors="0" timestamp="2022-11-28T14:07:47 IST">
  <testcase classname="testngAnnotations.ActitimeInvalidLogin" name="testInvalidLogin" time="0.318"/>
  <testcase classname="testngAnnotations.ActitimeInvalidLogin" name="testInvalidLogin" time="0.272"/>
  <testcase classname="testngAnnotations.ActitimeInvalidLogin" name="testInvalidLogin" time="0.265"/>
  <testcase classname="testngAnnotations.ActitimeInvalidLogin" name="testInvalidLogin" time="0.249"/>
  <testcase classname="testngAnnotations.ActitimeInvalidLogin" name="testInvalidLogin" time="0.246"/>
</testsuite> <!-- Default test -->
