<?xml version="1.0" encoding="UTF-8"?>
<testng-results ignored="0" total="5" passed="5" failed="0" skipped="0">
  <reporter-output>
  </reporter-output>
  <suite started-at="2022-11-28T14:07:33 IST" name="Default suite" finished-at="2022-11-28T14:07:46 IST" duration-ms="13129">
    <groups>
    </groups>
    <test started-at="2022-11-28T14:07:33 IST" name="Default test" finished-at="2022-11-28T14:07:46 IST" duration-ms="13129">
      <class name="testngAnnotations.ActitimeInvalidLogin">
        <test-method is-config="true" signature="setUp()[pri:0, instance:testngAnnotations.ActitimeInvalidLogin@78b66d36]" started-at="2022-11-28T14:07:33 IST" name="setUp" finished-at="2022-11-28T14:07:37 IST" duration-ms="3811" status="PASS">
          <reporter-output>
          </reporter-output>
        </test-method> <!-- setUp -->
        <test-method signature="testInvalidLogin(java.lang.String,java.lang.String)[pri:0, instance:testngAnnotations.ActitimeInvalidLogin@78b66d36]" started-at="2022-11-28T14:07:37 IST" name="testInvalidLogin" data-provider="dataProviderActitime" finished-at="2022-11-28T14:07:38 IST" duration-ms="318" status="PASS">
          <params>
            <param index="0">
              <value>
                <![CDATA[admin]]>
              </value>
            </param>
            <param index="1">
              <value>
                <![CDATA[manger]]>
              </value>
            </param>
          </params>
          <reporter-output>
          </reporter-output>
        </test-method> <!-- testInvalidLogin -->
        <test-method is-config="true" signature="tearDown()[pri:0, instance:testngAnnotations.ActitimeInvalidLogin@78b66d36]" started-at="2022-11-28T14:07:38 IST" name="tearDown" finished-at="2022-11-28T14:07:38 IST" duration-ms="332" status="PASS">
          <reporter-output>
          </reporter-output>
        </test-method> <!-- tearDown -->
        <test-method is-config="true" signature="setUp()[pri:0, instance:testngAnnotations.ActitimeInvalidLogin@78b66d36]" started-at="2022-11-28T14:07:38 IST" name="setUp" finished-at="2022-11-28T14:07:40 IST" duration-ms="1675" status="PASS">
          <reporter-output>
          </reporter-output>
        </test-method> <!-- setUp -->
        <test-method signature="testInvalidLogin(java.lang.String,java.lang.String)[pri:0, instance:testngAnnotations.ActitimeInvalidLogin@78b66d36]" started-at="2022-11-28T14:07:40 IST" name="testInvalidLogin" data-provider="dataProviderActitime" finished-at="2022-11-28T14:07:40 IST" duration-ms="272" status="PASS">
          <params>
            <param index="0">
              <value>
                <![CDATA[adin]]>
              </value>
            </param>
            <param index="1">
              <value>
                <![CDATA[mangr]]>
              </value>
            </param>
          </params>
          <reporter-output>
          </reporter-output>
        </test-method> <!-- testInvalidLogin -->
        <test-method is-config="true" signature="tearDown()[pri:0, instance:testngAnnotations.ActitimeInvalidLogin@78b66d36]" started-at="2022-11-28T14:07:40 IST" name="tearDown" finished-at="2022-11-28T14:07:40 IST" duration-ms="321" status="PASS">
          <reporter-output>
          </reporter-output>
        </test-method> <!-- tearDown -->
        <test-method is-config="true" signature="setUp()[pri:0, instance:testngAnnotations.ActitimeInvalidLogin@78b66d36]" started-at="2022-11-28T14:07:40 IST" name="setUp" finished-at="2022-11-28T14:07:42 IST" duration-ms="1532" status="PASS">
          <reporter-output>
          </reporter-output>
        </test-method> <!-- setUp -->
        <test-method signature="testInvalidLogin(java.lang.String,java.lang.String)[pri:0, instance:testngAnnotations.ActitimeInvalidLogin@78b66d36]" started-at="2022-11-28T14:07:42 IST" name="testInvalidLogin" data-provider="dataProviderActitime" finished-at="2022-11-28T14:07:42 IST" duration-ms="265" status="PASS">
          <params>
            <param index="0">
              <value>
                <![CDATA[amin]]>
              </value>
            </param>
            <param index="1">
              <value>
                <![CDATA[mange]]>
              </value>
            </param>
          </params>
          <reporter-output>
          </reporter-output>
        </test-method> <!-- testInvalidLogin -->
        <test-method is-config="true" signature="tearDown()[pri:0, instance:testngAnnotations.ActitimeInvalidLogin@78b66d36]" started-at="2022-11-28T14:07:42 IST" name="tearDown" finished-at="2022-11-28T14:07:42 IST" duration-ms="268" status="PASS">
          <reporter-output>
          </reporter-output>
        </test-method> <!-- tearDown -->
        <test-method is-config="true" signature="setUp()[pri:0, instance:testngAnnotations.ActitimeInvalidLogin@78b66d36]" started-at="2022-11-28T14:07:42 IST" name="setUp" finished-at="2022-11-28T14:07:44 IST" duration-ms="1633" status="PASS">
          <reporter-output>
          </reporter-output>
        </test-method> <!-- setUp -->
        <test-method signature="testInvalidLogin(java.lang.String,java.lang.String)[pri:0, instance:testngAnnotations.ActitimeInvalidLogin@78b66d36]" started-at="2022-11-28T14:07:44 IST" name="testInvalidLogin" data-provider="dataProviderActitime" finished-at="2022-11-28T14:07:44 IST" duration-ms="249" status="PASS">
          <params>
            <param index="0">
              <value>
                <![CDATA[adin]]>
              </value>
            </param>
            <param index="1">
              <value>
                <![CDATA[mnger]]>
              </value>
            </param>
          </params>
          <reporter-output>
          </reporter-output>
        </test-method> <!-- testInvalidLogin -->
        <test-method is-config="true" signature="tearDown()[pri:0, instance:testngAnnotations.ActitimeInvalidLogin@78b66d36]" started-at="2022-11-28T14:07:44 IST" name="tearDown" finished-at="2022-11-28T14:07:44 IST" duration-ms="256" status="PASS">
          <reporter-output>
          </reporter-output>
        </test-method> <!-- tearDown -->
        <test-method is-config="true" signature="setUp()[pri:0, instance:testngAnnotations.ActitimeInvalidLogin@78b66d36]" started-at="2022-11-28T14:07:44 IST" name="setUp" finished-at="2022-11-28T14:07:46 IST" duration-ms="1603" status="PASS">
          <reporter-output>
          </reporter-output>
        </test-method> <!-- setUp -->
        <test-method signature="testInvalidLogin(java.lang.String,java.lang.String)[pri:0, instance:testngAnnotations.ActitimeInvalidLogin@78b66d36]" started-at="2022-11-28T14:07:46 IST" name="testInvalidLogin" data-provider="dataProviderActitime" finished-at="2022-11-28T14:07:46 IST" duration-ms="246" status="PASS">
          <params>
            <param index="0">
              <value>
                <![CDATA[amin]]>
              </value>
            </param>
            <param index="1">
              <value>
                <![CDATA[mnger]]>
              </value>
            </param>
          </params>
          <reporter-output>
          </reporter-output>
        </test-method> <!-- testInvalidLogin -->
        <test-method is-config="true" signature="tearDown()[pri:0, instance:testngAnnotations.ActitimeInvalidLogin@78b66d36]" started-at="2022-11-28T14:07:46 IST" name="tearDown" finished-at="2022-11-28T14:07:46 IST" duration-ms="262" status="PASS">
          <reporter-output>
          </reporter-output>
        </test-method> <!-- tearDown -->
      </class> <!-- testngAnnotations.ActitimeInvalidLogin -->
    </test> <!-- Default test -->
  </suite> <!-- Default suite -->
</testng-results>
