<?xml version="1.0" encoding="UTF-8"?>
<testng-results ignored="0" total="2" passed="2" failed="0" skipped="0">
  <reporter-output>
  </reporter-output>
  <suite started-at="2023-01-04T08:32:06 IST" name="Suite" finished-at="2023-01-04T08:32:16 IST" duration-ms="9650">
    <groups>
    </groups>
    <test started-at="2023-01-04T08:32:06 IST" name="ChromeTestRunner" finished-at="2023-01-04T08:32:10 IST" duration-ms="3154">
      <class name="testngpack.ActiTimeLogin">
        <test-method signature="loginToActiTime(java.lang.String,java.lang.String,java.lang.String)[pri:0, instance:testngpack.ActiTimeLogin@65466a6a]" started-at="2023-01-04T08:32:06 IST" name="loginToActiTime" finished-at="2023-01-04T08:32:09 IST" duration-ms="3074" status="PASS">
          <params>
            <param index="0">
              <value>
                <![CDATA[chrome]]>
              </value>
            </param>
            <param index="1">
              <value>
                <![CDATA[admin]]>
              </value>
            </param>
            <param index="2">
              <value>
                <![CDATA[manager]]>
              </value>
            </param>
          </params>
          <reporter-output>
          </reporter-output>
        </test-method> <!-- loginToActiTime -->
      </class> <!-- testngpack.ActiTimeLogin -->
    </test> <!-- ChromeTestRunner -->
    <test started-at="2023-01-04T08:32:10 IST" name="FirefoxTestRunner" finished-at="2023-01-04T08:32:16 IST" duration-ms="6408">
      <class name="testngpack.ActiTimeLogin">
        <test-method signature="loginToActiTime(java.lang.String,java.lang.String,java.lang.String)[pri:0, instance:testngpack.ActiTimeLogin@4ac3c60d]" started-at="2023-01-04T08:32:10 IST" name="loginToActiTime" finished-at="2023-01-04T08:32:16 IST" duration-ms="6399" status="PASS">
          <params>
            <param index="0">
              <value>
                <![CDATA[firefox]]>
              </value>
            </param>
            <param index="1">
              <value>
                <![CDATA[admin]]>
              </value>
            </param>
            <param index="2">
              <value>
                <![CDATA[manager]]>
              </value>
            </param>
          </params>
          <reporter-output>
          </reporter-output>
        </test-method> <!-- loginToActiTime -->
      </class> <!-- testngpack.ActiTimeLogin -->
    </test> <!-- FirefoxTestRunner -->
  </suite> <!-- Suite -->
</testng-results>
